2021-08-30 22:16:10,547 - get_classroom.py[line:159] - INFO: username: 1405170121, password: 1999819lyy, year: 2021, term: 3, term_week: 1, week: 1
2021-08-30 22:16:10,550 - njtech.py[line:58] - INFO: Redis已存在cookie:{"JSESSIONID": "4191FB8C4136B52F7DE96344034E2E6F"}
2021-08-30 22:16:10,551 - get_classroom.py[line:163] - INFO: 获取空教室...
2021-08-30 22:16:10,551 - get_classroom.py[line:44] - INFO: 获取节次3
2021-08-30 22:16:14,177 - get_classroom.py[line:44] - INFO: 获取节次12
2021-08-30 22:16:17,854 - get_classroom.py[line:44] - INFO: 获取节次48
2021-08-30 22:16:21,053 - get_classroom.py[line:44] - INFO: 获取节次192
2021-08-30 22:16:24,285 - get_classroom.py[line:44] - INFO: 获取节次768
2021-08-30 22:16:27,603 - get_classroom.py[line:166] - INFO: 清洗数据...
2021-08-30 22:16:27,627 - get_classroom.py[line:169] - INFO: 保存至本地...
2021-08-30 22:16:27,629 - get_classroom.py[line:147] - INFO: Write empty-classroom SUCCESS!
2021-08-30 22:29:07,392 - get_classroom.py[line:162] - INFO: username: 1405170121, password: 1999819lyy, year: 2021, term: 3, term_week: 1, week: 1
2021-08-30 22:29:07,396 - njtech.py[line:55] - INFO: Redis已存在cookie:{"JSESSIONID": "4191FB8C4136B52F7DE96344034E2E6F"}
2021-08-30 22:29:07,396 - get_classroom.py[line:166] - INFO: 获取空教室...
2021-08-30 22:29:07,396 - get_classroom.py[line:47] - INFO: 获取节次3
2021-08-30 22:29:10,793 - get_classroom.py[line:47] - INFO: 获取节次12
2021-08-30 22:29:14,547 - get_classroom.py[line:47] - INFO: 获取节次48
2021-08-30 22:29:17,894 - get_classroom.py[line:47] - INFO: 获取节次192
2021-08-30 22:29:21,199 - get_classroom.py[line:47] - INFO: 获取节次768
2021-08-30 22:29:24,647 - get_classroom.py[line:169] - INFO: 清洗数据...
2021-08-30 22:29:24,671 - get_classroom.py[line:172] - INFO: 保存至本地...
2021-08-30 22:29:24,675 - get_classroom.py[line:150] - INFO: Write empty-classroom SUCCESS!
2021-08-30 22:29:24,675 - get_classroom.py[line:181] - INFO: 保存至小程序云数据库...
2021-08-30 22:29:24,924 - wechatApp.py[line:68] - INFO: Uploading File ......
2021-08-30 22:29:24,924 - wechatApp.py[line:69] - INFO: Local File Path: /www/wwwroot/develop/weNjtech/static/classroom/20210830.json
2021-08-30 22:29:24,924 - wechatApp.py[line:70] - INFO: Cloud File Path: /www/wwwroot/develop/weNjtech/static/classroom/20210830.json
2021-08-30 22:29:25,239 - wechatApp.py[line:99] - ERROR: Upload File Part 1 FAILURE!
2021-08-30 22:29:25,239 - get_classroom.py[line:187] - INFO: 查询课表失败保存至小程序云数据库错误
2021-08-30 22:32:55,875 - get_classroom.py[line:162] - INFO: username: 1405170121, password: 1999819lyy, year: 2021, term: 3, term_week: 1, week: 1
2021-08-30 22:32:55,879 - njtech.py[line:59] - INFO: Redis不存在cookie,登录中...
2021-08-30 22:33:01,719 - njtech.py[line:81] - INFO: 登录成功,写入Redis: {"JSESSIONID": "BCE844F144E53BDFBE5C1B745C3C5C63"}
2021-08-30 22:33:01,831 - get_classroom.py[line:166] - INFO: 获取空教室...
2021-08-30 22:33:01,831 - get_classroom.py[line:47] - INFO: 获取节次3
2021-08-30 22:33:05,255 - get_classroom.py[line:47] - INFO: 获取节次12
2021-08-30 22:33:08,944 - get_classroom.py[line:47] - INFO: 获取节次48
2021-08-30 22:33:12,172 - get_classroom.py[line:47] - INFO: 获取节次192
2021-08-30 22:33:15,797 - get_classroom.py[line:47] - INFO: 获取节次768
2021-08-30 22:33:19,634 - get_classroom.py[line:169] - INFO: 清洗数据...
2021-08-30 22:33:19,658 - get_classroom.py[line:172] - INFO: 保存至本地...
2021-08-30 22:33:19,662 - get_classroom.py[line:150] - INFO: Write empty-classroom SUCCESS!
2021-08-30 22:33:19,662 - get_classroom.py[line:181] - INFO: 保存至小程序云数据库...
2021-08-30 22:33:19,922 - wechatApp.py[line:68] - INFO: Uploading File ......
2021-08-30 22:33:19,922 - wechatApp.py[line:69] - INFO: Local File Path: /www/wwwroot/develop/weNjtech/static/classroom/20210830.json
2021-08-30 22:33:19,922 - wechatApp.py[line:70] - INFO: Cloud File Path: weNjtech/classroom/20210830.json
2021-08-30 22:33:20,371 - wechatApp.py[line:81] - INFO: Upload File Part 1 SUCCESS!
2021-08-30 22:33:20,687 - wechatApp.py[line:93] - INFO: Upload File Part 2 SUCCESS!
2021-08-30 22:33:20,687 - wechatApp.py[line:138] - INFO: Deleting Collection ......
2021-08-30 22:33:21,101 - wechatApp.py[line:151] - INFO: Delete Collection SUCCESS!
2021-08-30 22:33:21,102 - wechatApp.py[line:189] - INFO: Updating Database ......
2021-08-30 22:33:21,494 - wechatApp.py[line:203] - INFO: Update Database SUCCESS!
2021-08-30 22:33:21,494 - wechatApp.py[line:163] - INFO: Adding Collection ......
2021-08-30 22:33:21,926 - wechatApp.py[line:177] - INFO: Add Collection SUCCESS!
2021-08-30 22:33:21,926 - wechatApp.py[line:108] - INFO: Importing Database ......
2021-08-30 22:33:22,711 - wechatApp.py[line:126] - INFO: Importing Database SUCCESS!
2021-08-30 22:33:22,711 - wechatApp.py[line:189] - INFO: Updating Database ......
2021-08-30 22:33:23,074 - wechatApp.py[line:203] - INFO: Update Database SUCCESS!
